ERROR - 2022-12-05 05:46:13 --> Error connecting to the database: Unknown database 'codeigniter4'
CRITICAL - 2022-12-05 05:46:13 --> Unable to connect to the database.
Main connection [MySQLi]: Unknown database 'codeigniter4'
in SYSTEMPATH/Database/BaseConnection.php on line 415.
 1 SYSTEMPATH/Database/BaseConnection.php(585): CodeIgniter\Database\BaseConnection->initialize()
 2 SYSTEMPATH/Database/BaseBuilder.php(1585): CodeIgniter\Database\BaseConnection->query()
 3 SYSTEMPATH/Model.php(222): CodeIgniter\Database\BaseBuilder->get()
 4 SYSTEMPATH/BaseModel.php(584): CodeIgniter\Model->doFindAll()
 5 APPPATH/Controllers/Home.php(22): CodeIgniter\BaseModel->findAll()
 6 SYSTEMPATH/CodeIgniter.php(898): App\Controllers\Home->records()
 7 SYSTEMPATH/CodeIgniter.php(468): CodeIgniter\CodeIgniter->runController()
 8 SYSTEMPATH/CodeIgniter.php(351): CodeIgniter\CodeIgniter->handleRequest()
 9 FCPATH/index.php(55): CodeIgniter\CodeIgniter->run()
CRITICAL - 2022-12-05 10:15:45 --> syntax error, unexpected 'if' (T_IF)
in APPPATH/Config/Routes.php on line 62.
 1 SYSTEMPATH/CodeIgniter.php(417): CodeIgniter\CodeIgniter->tryToRouteIt()
 2 SYSTEMPATH/CodeIgniter.php(351): CodeIgniter\CodeIgniter->handleRequest()
 3 FCPATH/index.php(55): CodeIgniter\CodeIgniter->run()
CRITICAL - 2022-12-05 10:20:26 --> Trying to access array offset on value of type null
in APPPATH/Views/edit.php on line 229.
 1 APPPATH/Views/edit.php(229): CodeIgniter\Debug\Exceptions->errorHandler()
 2 SYSTEMPATH/View/View.php(213): include('APPPATH/Views/edit.php')
 3 SYSTEMPATH/View/View.php(216): CodeIgniter\View\View->CodeIgniter\View\{closure}()
 4 SYSTEMPATH/Common.php(1135): CodeIgniter\View\View->render()
 5 APPPATH/Controllers/Home.php(50): view()
 6 SYSTEMPATH/CodeIgniter.php(898): App\Controllers\Home->edit()
 7 SYSTEMPATH/CodeIgniter.php(468): CodeIgniter\CodeIgniter->runController()
 8 SYSTEMPATH/CodeIgniter.php(351): CodeIgniter\CodeIgniter->handleRequest()
 9 FCPATH/index.php(55): CodeIgniter\CodeIgniter->run()
CRITICAL - 2022-12-05 10:20:35 --> Trying to access array offset on value of type null
in APPPATH/Views/edit.php on line 229.
 1 APPPATH/Views/edit.php(229): CodeIgniter\Debug\Exceptions->errorHandler()
 2 SYSTEMPATH/View/View.php(213): include('APPPATH/Views/edit.php')
 3 SYSTEMPATH/View/View.php(216): CodeIgniter\View\View->CodeIgniter\View\{closure}()
 4 SYSTEMPATH/Common.php(1135): CodeIgniter\View\View->render()
 5 APPPATH/Controllers/Home.php(50): view()
 6 SYSTEMPATH/CodeIgniter.php(898): App\Controllers\Home->edit()
 7 SYSTEMPATH/CodeIgniter.php(468): CodeIgniter\CodeIgniter->runController()
 8 SYSTEMPATH/CodeIgniter.php(351): CodeIgniter\CodeIgniter->handleRequest()
 9 FCPATH/index.php(55): CodeIgniter\CodeIgniter->run()
